make --dry-run --always-make --keep-going --print-directory
make: Entering directory '/mnt/c/Users/jeje7/Documents/42/42_fdf'
make -C ./libft
make -C ./mlx_linux
 
gcc -g3 -fsanitize=address -I/usr/include/ -Imlx_linux -Iincludes -I./libft -o3 -c -g3 src/ft_init_map.c -o src/ft_init_map.o
 
gcc -g3 -fsanitize=address -I/usr/include/ -Imlx_linux -Iincludes -I./libft -o3 -c -g3 src/ft_init_mlx.c -o src/ft_init_mlx.o
 
gcc -g3 -fsanitize=address -I/usr/include/ -Imlx_linux -Iincludes -I./libft -o3 -c -g3 src/ft_key_press.c -o src/ft_key_press.o
gcc -g3 -fsanitize=address -I/usr/include/ -Imlx_linux -Iincludes -I./libft -o3 -c -g3 src/ft_parse_file.c -o src/ft_parse_file.o
 
gcc -g3 -fsanitize=address -I/usr/include/ -Imlx_linux -Iincludes -I./libft -o3 -c -g3 src/ft_render_next_frame.c -o src/ft_render_next_frame.o
gcc -g3 -fsanitize=address -I/usr/include/ -Imlx_linux -Iincludes -I./libft -o3 -c -g3 src/ft_safe_exit.c -o src/ft_safe_exit.o
gcc -g3 -fsanitize=address -I/usr/include/ -Imlx_linux -Iincludes -I./libft -o3 -c -g3 src/ft_safe_file.c -o src/ft_safe_file.o
gcc -g3 -fsanitize=address -I/usr/include/ -Imlx_linux -Iincludes -I./libft -o3 -c -g3 src/ft_valid_arg.c -o src/ft_valid_arg.o
 
gcc -g3 -fsanitize=address -I/usr/include/ -Imlx_linux -Iincludes -I./libft -o3 -c -g3 src/ft_draw_background.c -o src/ft_draw_background.o
gcc -g3 -fsanitize=address -I/usr/include/ -Imlx_linux -Iincludes -I./libft -o3 -c -g3 src/ft_calc_map.c -o src/ft_calc_map.o
 
gcc -g3 -fsanitize=address -I/usr/include/ -Imlx_linux -Iincludes -I./libft -o3 -c -g3 src/ft_draw_tile.c -o src/ft_draw_tile.o
gcc -g3 -fsanitize=address -I/usr/include/ -Imlx_linux -Iincludes -I./libft -o3 -c -g3 src/ft_utils_mlx.c -o src/ft_utils_mlx.o
gcc -g3 -fsanitize=address -I/usr/include/ -Imlx_linux -Iincludes -I./libft -o3 -c -g3 src/ft_math_utils.c -o src/ft_math_utils.o
 
gcc -g3 -fsanitize=address -I/usr/include/ -Imlx_linux -Iincludes -I./libft -o3 -c -g3 src/main.c -o src/main.o
gcc -g3 -fsanitize=address ./src/ft_init_map.o ./src/ft_init_mlx.o ./src/ft_key_press.o ./src/ft_parse_file.o ./src/ft_render_next_frame.o ./src/ft_safe_exit.o ./src/ft_safe_file.o ./src/ft_valid_arg.o ./src/ft_draw_background.o ./src/ft_calc_map.o ./src/ft_draw_tile.o ./src/ft_utils_mlx.o ./src/ft_math_utils.o ./src/main.o -lm -Lmlx_linux -lmlx_Linux -L/usr/lib -Imlx_linux -lXext -lX11 -lm -lz -L./libft -lft -o fdf
make: Leaving directory '/mnt/c/Users/jeje7/Documents/42/42_fdf'
 
